<?xml version="1.0" encoding="UTF-8"?>
<testsuite xmlns:xsi="http://www.w3.org/2001/XMLSchema-instance" xsi:noNamespaceSchemaLocation="https://maven.apache.org/surefire/maven-surefire-plugin/xsd/surefire-test-report-3.0.xsd" version="3.0" name="com.curso.docker.app.AppApplicationTests" time="5.652" tests="1" errors="0" skipped="0" failures="0">
  <properties>
    <property name="java.specification.version" value="17"/>
    <property name="sun.cpu.isalist" value="amd64"/>
    <property name="sun.jnu.encoding" value="Cp1252"/>
    <property name="java.class.path" value="C:\Users\Santiago\Desktop\Curso Docker\build\example3\app\target\test-classes;C:\Users\Santiago\Desktop\Curso Docker\build\example3\app\target\classes;C:\SANTIAGO\Desarrollo\apacherepo\org\springframework\boot\spring-boot-starter-web\3.1.3\spring-boot-starter-web-3.1.3.jar;C:\SANTIAGO\Desarrollo\apacherepo\org\springframework\boot\spring-boot-starter\3.2.11\spring-boot-starter-3.2.11.jar;C:\SANTIAGO\Desarrollo\apacherepo\org\springframework\boot\spring-boot\3.2.11\spring-boot-3.2.11.jar;C:\SANTIAGO\Desarrollo\apacherepo\org\springframework\boot\spring-boot-autoconfigure\3.2.11\spring-boot-autoconfigure-3.2.11.jar;C:\SANTIAGO\Desarrollo\apacherepo\org\springframework\boot\spring-boot-starter-logging\3.2.11\spring-boot-starter-logging-3.2.11.jar;C:\SANTIAGO\Desarrollo\apacherepo\ch\qos\logback\logback-classic\1.4.14\logback-classic-1.4.14.jar;C:\SANTIAGO\Desarrollo\apacherepo\ch\qos\logback\logback-core\1.4.14\logback-core-1.4.14.jar;C:\SANTIAGO\Desarrollo\apacherepo\org\apache\logging\log4j\log4j-to-slf4j\2.21.1\log4j-to-slf4j-2.21.1.jar;C:\SANTIAGO\Desarrollo\apacherepo\org\apache\logging\log4j\log4j-api\2.21.1\log4j-api-2.21.1.jar;C:\SANTIAGO\Desarrollo\apacherepo\org\slf4j\jul-to-slf4j\2.0.16\jul-to-slf4j-2.0.16.jar;C:\SANTIAGO\Desarrollo\apacherepo\jakarta\annotation\jakarta.annotation-api\2.1.1\jakarta.annotation-api-2.1.1.jar;C:\SANTIAGO\Desarrollo\apacherepo\org\yaml\snakeyaml\2.2\snakeyaml-2.2.jar;C:\SANTIAGO\Desarrollo\apacherepo\org\springframework\boot\spring-boot-starter-json\3.2.11\spring-boot-starter-json-3.2.11.jar;C:\SANTIAGO\Desarrollo\apacherepo\com\fasterxml\jackson\core\jackson-databind\2.15.4\jackson-databind-2.15.4.jar;C:\SANTIAGO\Desarrollo\apacherepo\com\fasterxml\jackson\core\jackson-annotations\2.15.4\jackson-annotations-2.15.4.jar;C:\SANTIAGO\Desarrollo\apacherepo\com\fasterxml\jackson\core\jackson-core\2.15.4\jackson-core-2.15.4.jar;C:\SANTIAGO\Desarrollo\apacherepo\com\fasterxml\jackson\datatype\jackson-datatype-jdk8\2.15.4\jackson-datatype-jdk8-2.15.4.jar;C:\SANTIAGO\Desarrollo\apacherepo\com\fasterxml\jackson\datatype\jackson-datatype-jsr310\2.15.4\jackson-datatype-jsr310-2.15.4.jar;C:\SANTIAGO\Desarrollo\apacherepo\com\fasterxml\jackson\module\jackson-module-parameter-names\2.15.4\jackson-module-parameter-names-2.15.4.jar;C:\SANTIAGO\Desarrollo\apacherepo\org\springframework\boot\spring-boot-starter-tomcat\3.2.11\spring-boot-starter-tomcat-3.2.11.jar;C:\SANTIAGO\Desarrollo\apacherepo\org\apache\tomcat\embed\tomcat-embed-core\10.1.31\tomcat-embed-core-10.1.31.jar;C:\SANTIAGO\Desarrollo\apacherepo\org\apache\tomcat\embed\tomcat-embed-el\10.1.31\tomcat-embed-el-10.1.31.jar;C:\SANTIAGO\Desarrollo\apacherepo\org\apache\tomcat\embed\tomcat-embed-websocket\10.1.31\tomcat-embed-websocket-10.1.31.jar;C:\SANTIAGO\Desarrollo\apacherepo\org\springframework\spring-web\6.1.14\spring-web-6.1.14.jar;C:\SANTIAGO\Desarrollo\apacherepo\org\springframework\spring-beans\6.1.14\spring-beans-6.1.14.jar;C:\SANTIAGO\Desarrollo\apacherepo\io\micrometer\micrometer-observation\1.12.11\micrometer-observation-1.12.11.jar;C:\SANTIAGO\Desarrollo\apacherepo\io\micrometer\micrometer-commons\1.12.11\micrometer-commons-1.12.11.jar;C:\SANTIAGO\Desarrollo\apacherepo\org\springframework\spring-webmvc\6.1.14\spring-webmvc-6.1.14.jar;C:\SANTIAGO\Desarrollo\apacherepo\org\springframework\spring-aop\6.1.14\spring-aop-6.1.14.jar;C:\SANTIAGO\Desarrollo\apacherepo\org\springframework\spring-context\6.1.14\spring-context-6.1.14.jar;C:\SANTIAGO\Desarrollo\apacherepo\org\springframework\spring-expression\6.1.14\spring-expression-6.1.14.jar;C:\SANTIAGO\Desarrollo\apacherepo\org\springframework\boot\spring-boot-starter-test\3.2.11\spring-boot-starter-test-3.2.11.jar;C:\SANTIAGO\Desarrollo\apacherepo\org\springframework\boot\spring-boot-test\3.2.11\spring-boot-test-3.2.11.jar;C:\SANTIAGO\Desarrollo\apacherepo\org\springframework\boot\spring-boot-test-autoconfigure\3.2.11\spring-boot-test-autoconfigure-3.2.11.jar;C:\SANTIAGO\Desarrollo\apacherepo\com\jayway\jsonpath\json-path\2.9.0\json-path-2.9.0.jar;C:\SANTIAGO\Desarrollo\apacherepo\org\slf4j\slf4j-api\2.0.16\slf4j-api-2.0.16.jar;C:\SANTIAGO\Desarrollo\apacherepo\jakarta\xml\bind\jakarta.xml.bind-api\4.0.2\jakarta.xml.bind-api-4.0.2.jar;C:\SANTIAGO\Desarrollo\apacherepo\jakarta\activation\jakarta.activation-api\2.1.3\jakarta.activation-api-2.1.3.jar;C:\SANTIAGO\Desarrollo\apacherepo\net\minidev\json-smart\2.5.1\json-smart-2.5.1.jar;C:\SANTIAGO\Desarrollo\apacherepo\net\minidev\accessors-smart\2.5.1\accessors-smart-2.5.1.jar;C:\SANTIAGO\Desarrollo\apacherepo\org\ow2\asm\asm\9.6\asm-9.6.jar;C:\SANTIAGO\Desarrollo\apacherepo\org\assertj\assertj-core\3.24.2\assertj-core-3.24.2.jar;C:\SANTIAGO\Desarrollo\apacherepo\net\bytebuddy\byte-buddy\1.14.19\byte-buddy-1.14.19.jar;C:\SANTIAGO\Desarrollo\apacherepo\org\awaitility\awaitility\4.2.2\awaitility-4.2.2.jar;C:\SANTIAGO\Desarrollo\apacherepo\org\hamcrest\hamcrest\2.2\hamcrest-2.2.jar;C:\SANTIAGO\Desarrollo\apacherepo\org\junit\jupiter\junit-jupiter\5.10.5\junit-jupiter-5.10.5.jar;C:\SANTIAGO\Desarrollo\apacherepo\org\junit\jupiter\junit-jupiter-api\5.10.5\junit-jupiter-api-5.10.5.jar;C:\SANTIAGO\Desarrollo\apacherepo\org\opentest4j\opentest4j\1.3.0\opentest4j-1.3.0.jar;C:\SANTIAGO\Desarrollo\apacherepo\org\junit\platform\junit-platform-commons\1.10.5\junit-platform-commons-1.10.5.jar;C:\SANTIAGO\Desarrollo\apacherepo\org\apiguardian\apiguardian-api\1.1.2\apiguardian-api-1.1.2.jar;C:\SANTIAGO\Desarrollo\apacherepo\org\junit\jupiter\junit-jupiter-params\5.10.5\junit-jupiter-params-5.10.5.jar;C:\SANTIAGO\Desarrollo\apacherepo\org\junit\jupiter\junit-jupiter-engine\5.10.5\junit-jupiter-engine-5.10.5.jar;C:\SANTIAGO\Desarrollo\apacherepo\org\junit\platform\junit-platform-engine\1.10.5\junit-platform-engine-1.10.5.jar;C:\SANTIAGO\Desarrollo\apacherepo\org\mockito\mockito-core\5.7.0\mockito-core-5.7.0.jar;C:\SANTIAGO\Desarrollo\apacherepo\net\bytebuddy\byte-buddy-agent\1.14.19\byte-buddy-agent-1.14.19.jar;C:\SANTIAGO\Desarrollo\apacherepo\org\objenesis\objenesis\3.3\objenesis-3.3.jar;C:\SANTIAGO\Desarrollo\apacherepo\org\mockito\mockito-junit-jupiter\5.7.0\mockito-junit-jupiter-5.7.0.jar;C:\SANTIAGO\Desarrollo\apacherepo\org\skyscreamer\jsonassert\1.5.3\jsonassert-1.5.3.jar;C:\SANTIAGO\Desarrollo\apacherepo\com\vaadin\external\google\android-json\0.0.20131108.vaadin1\android-json-0.0.20131108.vaadin1.jar;C:\SANTIAGO\Desarrollo\apacherepo\org\springframework\spring-core\6.1.14\spring-core-6.1.14.jar;C:\SANTIAGO\Desarrollo\apacherepo\org\springframework\spring-jcl\6.1.14\spring-jcl-6.1.14.jar;C:\SANTIAGO\Desarrollo\apacherepo\org\springframework\spring-test\6.1.14\spring-test-6.1.14.jar;C:\SANTIAGO\Desarrollo\apacherepo\org\xmlunit\xmlunit-core\2.9.1\xmlunit-core-2.9.1.jar;"/>
    <property name="java.vm.vendor" value="Oracle Corporation"/>
    <property name="sun.arch.data.model" value="64"/>
    <property name="user.variant" value=""/>
    <property name="java.vendor.url" value="https://java.oracle.com/"/>
    <property name="user.timezone" value="America/Guayaquil"/>
    <property name="user.country.format" value="EC"/>
    <property name="os.name" value="Windows 10"/>
    <property name="java.vm.specification.version" value="17"/>
    <property name="sun.java.launcher" value="SUN_STANDARD"/>
    <property name="user.country" value="US"/>
    <property name="sun.boot.library.path" value="C:\Program Files\Java\jdk-17.0.2\bin"/>
    <property name="sun.java.command" value="C:\Users\Santiago\AppData\Local\Temp\surefire7177820715088227523\surefirebooter-20241105160714121_3.jar C:\Users\Santiago\AppData\Local\Temp\surefire7177820715088227523 2024-11-05T16-07-13_850-jvmRun1 surefire-20241105160714121_1tmp surefire_0-20241105160714121_2tmp"/>
    <property name="jdk.debug" value="release"/>
    <property name="surefire.test.class.path" value="C:\Users\Santiago\Desktop\Curso Docker\build\example3\app\target\test-classes;C:\Users\Santiago\Desktop\Curso Docker\build\example3\app\target\classes;C:\SANTIAGO\Desarrollo\apacherepo\org\springframework\boot\spring-boot-starter-web\3.1.3\spring-boot-starter-web-3.1.3.jar;C:\SANTIAGO\Desarrollo\apacherepo\org\springframework\boot\spring-boot-starter\3.2.11\spring-boot-starter-3.2.11.jar;C:\SANTIAGO\Desarrollo\apacherepo\org\springframework\boot\spring-boot\3.2.11\spring-boot-3.2.11.jar;C:\SANTIAGO\Desarrollo\apacherepo\org\springframework\boot\spring-boot-autoconfigure\3.2.11\spring-boot-autoconfigure-3.2.11.jar;C:\SANTIAGO\Desarrollo\apacherepo\org\springframework\boot\spring-boot-starter-logging\3.2.11\spring-boot-starter-logging-3.2.11.jar;C:\SANTIAGO\Desarrollo\apacherepo\ch\qos\logback\logback-classic\1.4.14\logback-classic-1.4.14.jar;C:\SANTIAGO\Desarrollo\apacherepo\ch\qos\logback\logback-core\1.4.14\logback-core-1.4.14.jar;C:\SANTIAGO\Desarrollo\apacherepo\org\apache\logging\log4j\log4j-to-slf4j\2.21.1\log4j-to-slf4j-2.21.1.jar;C:\SANTIAGO\Desarrollo\apacherepo\org\apache\logging\log4j\log4j-api\2.21.1\log4j-api-2.21.1.jar;C:\SANTIAGO\Desarrollo\apacherepo\org\slf4j\jul-to-slf4j\2.0.16\jul-to-slf4j-2.0.16.jar;C:\SANTIAGO\Desarrollo\apacherepo\jakarta\annotation\jakarta.annotation-api\2.1.1\jakarta.annotation-api-2.1.1.jar;C:\SANTIAGO\Desarrollo\apacherepo\org\yaml\snakeyaml\2.2\snakeyaml-2.2.jar;C:\SANTIAGO\Desarrollo\apacherepo\org\springframework\boot\spring-boot-starter-json\3.2.11\spring-boot-starter-json-3.2.11.jar;C:\SANTIAGO\Desarrollo\apacherepo\com\fasterxml\jackson\core\jackson-databind\2.15.4\jackson-databind-2.15.4.jar;C:\SANTIAGO\Desarrollo\apacherepo\com\fasterxml\jackson\core\jackson-annotations\2.15.4\jackson-annotations-2.15.4.jar;C:\SANTIAGO\Desarrollo\apacherepo\com\fasterxml\jackson\core\jackson-core\2.15.4\jackson-core-2.15.4.jar;C:\SANTIAGO\Desarrollo\apacherepo\com\fasterxml\jackson\datatype\jackson-datatype-jdk8\2.15.4\jackson-datatype-jdk8-2.15.4.jar;C:\SANTIAGO\Desarrollo\apacherepo\com\fasterxml\jackson\datatype\jackson-datatype-jsr310\2.15.4\jackson-datatype-jsr310-2.15.4.jar;C:\SANTIAGO\Desarrollo\apacherepo\com\fasterxml\jackson\module\jackson-module-parameter-names\2.15.4\jackson-module-parameter-names-2.15.4.jar;C:\SANTIAGO\Desarrollo\apacherepo\org\springframework\boot\spring-boot-starter-tomcat\3.2.11\spring-boot-starter-tomcat-3.2.11.jar;C:\SANTIAGO\Desarrollo\apacherepo\org\apache\tomcat\embed\tomcat-embed-core\10.1.31\tomcat-embed-core-10.1.31.jar;C:\SANTIAGO\Desarrollo\apacherepo\org\apache\tomcat\embed\tomcat-embed-el\10.1.31\tomcat-embed-el-10.1.31.jar;C:\SANTIAGO\Desarrollo\apacherepo\org\apache\tomcat\embed\tomcat-embed-websocket\10.1.31\tomcat-embed-websocket-10.1.31.jar;C:\SANTIAGO\Desarrollo\apacherepo\org\springframework\spring-web\6.1.14\spring-web-6.1.14.jar;C:\SANTIAGO\Desarrollo\apacherepo\org\springframework\spring-beans\6.1.14\spring-beans-6.1.14.jar;C:\SANTIAGO\Desarrollo\apacherepo\io\micrometer\micrometer-observation\1.12.11\micrometer-observation-1.12.11.jar;C:\SANTIAGO\Desarrollo\apacherepo\io\micrometer\micrometer-commons\1.12.11\micrometer-commons-1.12.11.jar;C:\SANTIAGO\Desarrollo\apacherepo\org\springframework\spring-webmvc\6.1.14\spring-webmvc-6.1.14.jar;C:\SANTIAGO\Desarrollo\apacherepo\org\springframework\spring-aop\6.1.14\spring-aop-6.1.14.jar;C:\SANTIAGO\Desarrollo\apacherepo\org\springframework\spring-context\6.1.14\spring-context-6.1.14.jar;C:\SANTIAGO\Desarrollo\apacherepo\org\springframework\spring-expression\6.1.14\spring-expression-6.1.14.jar;C:\SANTIAGO\Desarrollo\apacherepo\org\springframework\boot\spring-boot-starter-test\3.2.11\spring-boot-starter-test-3.2.11.jar;C:\SANTIAGO\Desarrollo\apacherepo\org\springframework\boot\spring-boot-test\3.2.11\spring-boot-test-3.2.11.jar;C:\SANTIAGO\Desarrollo\apacherepo\org\springframework\boot\spring-boot-test-autoconfigure\3.2.11\spring-boot-test-autoconfigure-3.2.11.jar;C:\SANTIAGO\Desarrollo\apacherepo\com\jayway\jsonpath\json-path\2.9.0\json-path-2.9.0.jar;C:\SANTIAGO\Desarrollo\apacherepo\org\slf4j\slf4j-api\2.0.16\slf4j-api-2.0.16.jar;C:\SANTIAGO\Desarrollo\apacherepo\jakarta\xml\bind\jakarta.xml.bind-api\4.0.2\jakarta.xml.bind-api-4.0.2.jar;C:\SANTIAGO\Desarrollo\apacherepo\jakarta\activation\jakarta.activation-api\2.1.3\jakarta.activation-api-2.1.3.jar;C:\SANTIAGO\Desarrollo\apacherepo\net\minidev\json-smart\2.5.1\json-smart-2.5.1.jar;C:\SANTIAGO\Desarrollo\apacherepo\net\minidev\accessors-smart\2.5.1\accessors-smart-2.5.1.jar;C:\SANTIAGO\Desarrollo\apacherepo\org\ow2\asm\asm\9.6\asm-9.6.jar;C:\SANTIAGO\Desarrollo\apacherepo\org\assertj\assertj-core\3.24.2\assertj-core-3.24.2.jar;C:\SANTIAGO\Desarrollo\apacherepo\net\bytebuddy\byte-buddy\1.14.19\byte-buddy-1.14.19.jar;C:\SANTIAGO\Desarrollo\apacherepo\org\awaitility\awaitility\4.2.2\awaitility-4.2.2.jar;C:\SANTIAGO\Desarrollo\apacherepo\org\hamcrest\hamcrest\2.2\hamcrest-2.2.jar;C:\SANTIAGO\Desarrollo\apacherepo\org\junit\jupiter\junit-jupiter\5.10.5\junit-jupiter-5.10.5.jar;C:\SANTIAGO\Desarrollo\apacherepo\org\junit\jupiter\junit-jupiter-api\5.10.5\junit-jupiter-api-5.10.5.jar;C:\SANTIAGO\Desarrollo\apacherepo\org\opentest4j\opentest4j\1.3.0\opentest4j-1.3.0.jar;C:\SANTIAGO\Desarrollo\apacherepo\org\junit\platform\junit-platform-commons\1.10.5\junit-platform-commons-1.10.5.jar;C:\SANTIAGO\Desarrollo\apacherepo\org\apiguardian\apiguardian-api\1.1.2\apiguardian-api-1.1.2.jar;C:\SANTIAGO\Desarrollo\apacherepo\org\junit\jupiter\junit-jupiter-params\5.10.5\junit-jupiter-params-5.10.5.jar;C:\SANTIAGO\Desarrollo\apacherepo\org\junit\jupiter\junit-jupiter-engine\5.10.5\junit-jupiter-engine-5.10.5.jar;C:\SANTIAGO\Desarrollo\apacherepo\org\junit\platform\junit-platform-engine\1.10.5\junit-platform-engine-1.10.5.jar;C:\SANTIAGO\Desarrollo\apacherepo\org\mockito\mockito-core\5.7.0\mockito-core-5.7.0.jar;C:\SANTIAGO\Desarrollo\apacherepo\net\bytebuddy\byte-buddy-agent\1.14.19\byte-buddy-agent-1.14.19.jar;C:\SANTIAGO\Desarrollo\apacherepo\org\objenesis\objenesis\3.3\objenesis-3.3.jar;C:\SANTIAGO\Desarrollo\apacherepo\org\mockito\mockito-junit-jupiter\5.7.0\mockito-junit-jupiter-5.7.0.jar;C:\SANTIAGO\Desarrollo\apacherepo\org\skyscreamer\jsonassert\1.5.3\jsonassert-1.5.3.jar;C:\SANTIAGO\Desarrollo\apacherepo\com\vaadin\external\google\android-json\0.0.20131108.vaadin1\android-json-0.0.20131108.vaadin1.jar;C:\SANTIAGO\Desarrollo\apacherepo\org\springframework\spring-core\6.1.14\spring-core-6.1.14.jar;C:\SANTIAGO\Desarrollo\apacherepo\org\springframework\spring-jcl\6.1.14\spring-jcl-6.1.14.jar;C:\SANTIAGO\Desarrollo\apacherepo\org\springframework\spring-test\6.1.14\spring-test-6.1.14.jar;C:\SANTIAGO\Desarrollo\apacherepo\org\xmlunit\xmlunit-core\2.9.1\xmlunit-core-2.9.1.jar;"/>
    <property name="sun.cpu.endian" value="little"/>
    <property name="user.home" value="C:\Users\Santiago"/>
    <property name="user.language" value="en"/>
    <property name="java.specification.vendor" value="Oracle Corporation"/>
    <property name="java.version.date" value="2022-01-18"/>
    <property name="java.home" value="C:\Program Files\Java\jdk-17.0.2"/>
    <property name="file.separator" value="\"/>
    <property name="basedir" value="C:\Users\Santiago\Desktop\Curso Docker\build\example3\app"/>
    <property name="java.vm.compressedOopsMode" value="Zero based"/>
    <property name="line.separator" value="&#10;"/>
    <property name="java.vm.specification.vendor" value="Oracle Corporation"/>
    <property name="java.specification.name" value="Java Platform API Specification"/>
    <property name="FILE_LOG_CHARSET" value="windows-1252"/>
    <property name="java.awt.headless" value="true"/>
    <property name="surefire.real.class.path" value="C:\Users\Santiago\AppData\Local\Temp\surefire7177820715088227523\surefirebooter-20241105160714121_3.jar"/>
    <property name="user.script" value=""/>
    <property name="sun.management.compiler" value="HotSpot 64-Bit Tiered Compilers"/>
    <property name="java.runtime.version" value="17.0.2+8-86"/>
    <property name="user.name" value="Santiago"/>
    <property name="path.separator" value=";"/>
    <property name="os.version" value="10.0"/>
    <property name="java.runtime.name" value="OpenJDK Runtime Environment"/>
    <property name="file.encoding" value="Cp1252"/>
    <property name="java.vm.name" value="OpenJDK 64-Bit Server VM"/>
    <property name="localRepository" value="C:\SANTIAGO\Desarrollo\apacherepo"/>
    <property name="java.vendor.url.bug" value="https://bugreport.java.com/bugreport/"/>
    <property name="java.io.tmpdir" value="C:\Users\Santiago\AppData\Local\Temp\"/>
    <property name="java.version" value="17.0.2"/>
    <property name="user.dir" value="C:\Users\Santiago\Desktop\Curso Docker\build\example3\app"/>
    <property name="os.arch" value="amd64"/>
    <property name="java.vm.specification.name" value="Java Virtual Machine Specification"/>
    <property name="PID" value="15612"/>
    <property name="user.language.format" value="es"/>
    <property name="sun.os.patch.level" value=""/>
    <property name="CONSOLE_LOG_CHARSET" value="windows-1252"/>
    <property name="native.encoding" value="Cp1252"/>
    <property name="java.library.path" value="C:\Program Files\Java\jdk-17.0.2\bin;C:\WINDOWS\Sun\Java\bin;C:\WINDOWS\system32;C:\WINDOWS;C:\Program Files\Java\jdk-17.0.2\bin;C:\ProgramData\Oracle\Java\javapath2;C:\Program Files\Intel\iCLS Client\;C:\Windows\system32;C:\Windows;C:\Windows\System32\Wbem;C:\Windows\System32\WindowsPowerShell\v1.0\;C:\Program Files (x86)\NVIDIA Corporation\PhysX\Common;C:\SANTIAGO\Desarrollo\apache-maven-3.8.8\bin;C:\Program Files\Git\cmd;C:\WINDOWS\system32;C:\WINDOWS;C:\WINDOWS\System32\Wbem;C:\WINDOWS\System32\WindowsPowerShell\v1.0\;C:\WINDOWS\System32\OpenSSH\;C:\Program Files\nodejs\;C:\Program Files\dotnet\;C:\Program Files\Microsoft SQL Server\130\Tools\Binn\;C:\Program Files\Microsoft SQL Server\Client SDK\ODBC\170\Tools\Binn\;C:\Program Files (x86)\dotnet\;C:\Program Files (x86)\Intel\Intel(R) Management Engine Components\DAL;C:\Program Files\Intel\Intel(R) Management Engine Components\DAL;C:\Program Files (x86)\QuickTime\QTSystem\;C:\Program Files\Docker\Docker\resources\bin;C:\Users\Santiago\AppData\Local\Programs\Python\Python37\Scripts\;C:\Users\Santiago\AppData\Local\Programs\Python\Python37\;C:\WINDOWS\system32\config\systemprofile\AppData\Local\Microsoft\WindowsApps;C:\Program Files\Microsoft VS Code\bin;C:\Users\Santiago\AppData\Roaming\npm;C:\WINDOWS\system32\config\systemprofile\.dotnet\tools;C://UnLockCatch/tools/vcruntime;C:\Users\Santiago\AppData\Local\Google\Cloud SDK\google-cloud-sdk\bin;C:\Program Files\Lens\resources\cli\bin;C:\Users\Santiago\AppData\Local\Programs\Microsoft VS Code\bin;."/>
    <property name="java.vm.info" value="mixed mode, sharing"/>
    <property name="java.vendor" value="Oracle Corporation"/>
    <property name="java.vm.version" value="17.0.2+8-86"/>
    <property name="sun.io.unicode.encoding" value="UnicodeLittle"/>
    <property name="java.class.version" value="61.0"/>
    <property name="LOGGED_APPLICATION_NAME" value="[app] "/>
  </properties>
  <testcase name="contextLoads" classname="com.curso.docker.app.AppApplicationTests" time="1.452">
    <system-out><![CDATA[16:07:15.738 [main] INFO org.springframework.test.context.support.AnnotationConfigContextLoaderUtils -- Could not detect default configuration classes for test class [com.curso.docker.app.AppApplicationTests]: AppApplicationTests does not declare any static, non-private, non-final, nested classes annotated with @Configuration.
16:07:15.968 [main] INFO org.springframework.boot.test.context.SpringBootTestContextBootstrapper -- Found @SpringBootConfiguration com.curso.docker.app.AppApplication for test class com.curso.docker.app.AppApplicationTests

  .   ____          _            __ _ _
 /\\ / ___'_ __ _ _(_)_ __  __ _ \ \ \ \
( ( )\___ | '_ | '_| | '_ \/ _` | \ \ \ \
 \\/  ___)| |_)| | | | | || (_| |  ) ) ) )
  '  |____| .__|_| |_|_| |_\__, | / / / /
 =========|_|==============|___/=/_/_/_/
 :: Spring Boot ::               (v3.2.11)

2024-11-05T16:07:16.930-05:00  INFO 15612 --- [app] [           main] c.curso.docker.app.AppApplicationTests   : Starting AppApplicationTests using Java 17.0.2 with PID 15612 (started by Santiago in C:\Users\Santiago\Desktop\Curso Docker\build\example3\app)
2024-11-05T16:07:16.934-05:00  INFO 15612 --- [app] [           main] c.curso.docker.app.AppApplicationTests   : No active profile set, falling back to 1 default profile: "default"
2024-11-05T16:07:19.506-05:00  INFO 15612 --- [app] [           main] c.curso.docker.app.AppApplicationTests   : Started AppApplicationTests in 3.198 seconds (process running for 5.235)
]]></system-out>
  </testcase>
</testsuite>